{"/Users/jsingleton20/Documents/Sites/laserdisc/index.js":{"path":"/Users/jsingleton20/Documents/Sites/laserdisc/index.js","s":{"1":1,"2":1,"3":1,"4":1,"5":1,"6":1,"7":1,"8":1,"9":1,"10":0,"11":0,"12":0,"13":0,"14":0,"15":0,"16":0,"17":0,"18":0,"19":0,"20":0,"21":0,"22":0,"23":0,"24":0,"25":0,"26":0,"27":0,"28":0,"29":0,"30":0,"31":0,"32":0,"33":0,"34":0,"35":0,"36":1,"37":0,"38":0,"39":0,"40":0,"41":0,"42":0,"43":0,"44":0,"45":0,"46":0,"47":0,"48":0,"49":0,"50":0,"51":0,"52":0,"53":0,"54":0,"55":0,"56":0,"57":0,"58":0,"59":0,"60":0,"61":0,"62":0,"63":0,"64":0,"65":0,"66":0,"67":0,"68":0,"69":0,"70":0,"71":0,"72":0,"73":0,"74":0,"75":0,"76":0,"77":0,"78":0,"79":0,"80":0,"81":0,"82":0,"83":0,"84":0,"85":0,"86":0,"87":0,"88":0,"89":0,"90":0,"91":0,"92":0,"93":0,"94":0,"95":0,"96":0,"97":0,"98":0,"99":0,"100":0,"101":0,"102":0,"103":0,"104":0,"105":0,"106":0,"107":0,"108":0,"109":0,"110":0,"111":0,"112":0,"113":0,"114":0,"115":0,"116":0,"117":0,"118":0,"119":0,"120":0,"121":0,"122":0,"123":0,"124":0,"125":0,"126":0,"127":0,"128":0,"129":0,"130":0,"131":0,"132":0,"133":0,"134":0,"135":0,"136":0,"137":0,"138":0,"139":0,"140":0,"141":0,"142":0,"143":0,"144":0,"145":0,"146":0,"147":0,"148":0,"149":0,"150":0,"151":0,"152":0,"153":0,"154":0,"155":0,"156":0,"157":0,"158":0,"159":0,"160":0,"161":0,"162":0,"163":0,"164":0,"165":0,"166":0,"167":0,"168":0,"169":0,"170":1},"b":{"1":[0,0],"2":[0,0],"3":[0,0],"4":[0,0],"5":[0,0],"6":[0,0],"7":[0,0],"8":[0,0],"9":[0,0],"10":[0,0],"11":[0,0],"12":[0,0],"13":[0,0],"14":[0,0],"15":[0,0],"16":[0,0],"17":[0,0],"18":[0,0],"19":[0,0],"20":[0,0],"21":[0,0],"22":[0,0],"23":[0,0],"24":[0,0],"25":[0,0],"26":[0,0],"27":[0,0],"28":[0,0],"29":[0,0],"30":[0,0]},"f":{"1":0,"2":0,"3":0,"4":0,"5":0,"6":0,"7":0,"8":0,"9":0,"10":0,"11":0,"12":0,"13":0,"14":0,"15":0,"16":0,"17":0,"18":0,"19":0,"20":0,"21":0,"22":0,"23":0,"24":0,"25":0,"26":0,"27":0,"28":0,"29":0,"30":0,"31":0,"32":0,"33":0,"34":0,"35":0,"36":0},"fnMap":{"1":{"name":"(anonymous_1)","line":26,"loc":{"start":{"line":26,"column":16},"end":{"line":26,"column":35}}},"2":{"name":"(anonymous_2)","line":127,"loc":{"start":{"line":127,"column":7},"end":{"line":127,"column":17}}},"3":{"name":"(anonymous_3)","line":163,"loc":{"start":{"line":163,"column":11},"end":{"line":163,"column":21}}},"4":{"name":"(anonymous_4)","line":183,"loc":{"start":{"line":183,"column":17},"end":{"line":183,"column":30}}},"5":{"name":"(anonymous_5)","line":192,"loc":{"start":{"line":192,"column":19},"end":{"line":192,"column":29}}},"6":{"name":"(anonymous_6)","line":196,"loc":{"start":{"line":196,"column":20},"end":{"line":196,"column":33}}},"7":{"name":"(anonymous_7)","line":212,"loc":{"start":{"line":212,"column":20},"end":{"line":212,"column":30}}},"8":{"name":"(anonymous_8)","line":239,"loc":{"start":{"line":239,"column":39},"end":{"line":239,"column":62}}},"9":{"name":"(anonymous_9)","line":248,"loc":{"start":{"line":248,"column":39},"end":{"line":248,"column":63}}},"10":{"name":"(anonymous_10)","line":259,"loc":{"start":{"line":259,"column":6},"end":{"line":259,"column":19}}},"11":{"name":"(anonymous_11)","line":263,"loc":{"start":{"line":263,"column":5},"end":{"line":263,"column":18}}},"12":{"name":"(anonymous_12)","line":280,"loc":{"start":{"line":280,"column":7},"end":{"line":280,"column":30}}},"13":{"name":"(anonymous_13)","line":286,"loc":{"start":{"line":286,"column":13},"end":{"line":286,"column":23}}},"14":{"name":"(anonymous_14)","line":296,"loc":{"start":{"line":296,"column":8},"end":{"line":296,"column":18}}},"15":{"name":"(anonymous_15)","line":299,"loc":{"start":{"line":299,"column":13},"end":{"line":299,"column":23}}},"16":{"name":"(anonymous_16)","line":308,"loc":{"start":{"line":308,"column":7},"end":{"line":308,"column":17}}},"17":{"name":"(anonymous_17)","line":316,"loc":{"start":{"line":316,"column":9},"end":{"line":316,"column":19}}},"18":{"name":"(anonymous_18)","line":325,"loc":{"start":{"line":325,"column":10},"end":{"line":325,"column":20}}},"19":{"name":"(anonymous_19)","line":334,"loc":{"start":{"line":334,"column":7},"end":{"line":334,"column":28}}},"20":{"name":"(anonymous_20)","line":347,"loc":{"start":{"line":347,"column":7},"end":{"line":347,"column":17}}},"21":{"name":"(anonymous_21)","line":354,"loc":{"start":{"line":354,"column":9},"end":{"line":354,"column":23}}},"22":{"name":"(anonymous_22)","line":356,"loc":{"start":{"line":356,"column":13},"end":{"line":356,"column":23}}},"23":{"name":"(anonymous_23)","line":366,"loc":{"start":{"line":366,"column":12},"end":{"line":366,"column":28}}},"24":{"name":"(anonymous_24)","line":398,"loc":{"start":{"line":398,"column":19},"end":{"line":398,"column":31}}},"25":{"name":"(anonymous_25)","line":411,"loc":{"start":{"line":411,"column":12},"end":{"line":411,"column":24}}},"26":{"name":"(anonymous_26)","line":425,"loc":{"start":{"line":425,"column":9},"end":{"line":425,"column":21}}},"27":{"name":"(anonymous_27)","line":442,"loc":{"start":{"line":442,"column":19},"end":{"line":442,"column":29}}},"28":{"name":"(anonymous_28)","line":460,"loc":{"start":{"line":460,"column":8},"end":{"line":460,"column":20}}},"29":{"name":"(anonymous_29)","line":478,"loc":{"start":{"line":478,"column":10},"end":{"line":478,"column":23}}},"30":{"name":"(anonymous_30)","line":490,"loc":{"start":{"line":490,"column":9},"end":{"line":490,"column":21}}},"31":{"name":"(anonymous_31)","line":507,"loc":{"start":{"line":507,"column":10},"end":{"line":507,"column":22}}},"32":{"name":"(anonymous_32)","line":519,"loc":{"start":{"line":519,"column":15},"end":{"line":519,"column":27}}},"33":{"name":"(anonymous_33)","line":531,"loc":{"start":{"line":531,"column":10},"end":{"line":531,"column":22}}},"34":{"name":"(anonymous_34)","line":558,"loc":{"start":{"line":558,"column":15},"end":{"line":558,"column":27}}},"35":{"name":"(anonymous_35)","line":573,"loc":{"start":{"line":573,"column":15},"end":{"line":573,"column":27}}},"36":{"name":"(anonymous_36)","line":587,"loc":{"start":{"line":587,"column":11},"end":{"line":587,"column":23}}}},"statementMap":{"1":{"start":{"line":6,"column":0},"end":{"line":6,"column":20}},"2":{"start":{"line":7,"column":0},"end":{"line":7,"column":48}},"3":{"start":{"line":15,"column":0},"end":{"line":15,"column":13}},"4":{"start":{"line":18,"column":0},"end":{"line":18,"column":52}},"5":{"start":{"line":19,"column":0},"end":{"line":19,"column":70}},"6":{"start":{"line":20,"column":0},"end":{"line":20,"column":65}},"7":{"start":{"line":21,"column":0},"end":{"line":21,"column":58}},"8":{"start":{"line":22,"column":0},"end":{"line":22,"column":54}},"9":{"start":{"line":26,"column":0},"end":{"line":117,"column":2}},"10":{"start":{"line":31,"column":1},"end":{"line":31,"column":21}},"11":{"start":{"line":37,"column":1},"end":{"line":37,"column":34}},"12":{"start":{"line":38,"column":1},"end":{"line":38,"column":36}},"13":{"start":{"line":43,"column":1},"end":{"line":43,"column":17}},"14":{"start":{"line":44,"column":1},"end":{"line":44,"column":17}},"15":{"start":{"line":50,"column":1},"end":{"line":50,"column":17}},"16":{"start":{"line":53,"column":1},"end":{"line":53,"column":21}},"17":{"start":{"line":56,"column":1},"end":{"line":56,"column":20}},"18":{"start":{"line":59,"column":1},"end":{"line":59,"column":17}},"19":{"start":{"line":62,"column":1},"end":{"line":62,"column":22}},"20":{"start":{"line":65,"column":1},"end":{"line":65,"column":21}},"21":{"start":{"line":69,"column":1},"end":{"line":69,"column":25}},"22":{"start":{"line":72,"column":1},"end":{"line":72,"column":25}},"23":{"start":{"line":75,"column":1},"end":{"line":75,"column":28}},"24":{"start":{"line":78,"column":1},"end":{"line":78,"column":18}},"25":{"start":{"line":82,"column":1},"end":{"line":82,"column":18}},"26":{"start":{"line":91,"column":1},"end":{"line":91,"column":19}},"27":{"start":{"line":92,"column":1},"end":{"line":92,"column":22}},"28":{"start":{"line":95,"column":1},"end":{"line":95,"column":27}},"29":{"start":{"line":102,"column":1},"end":{"line":102,"column":22}},"30":{"start":{"line":103,"column":1},"end":{"line":103,"column":29}},"31":{"start":{"line":104,"column":1},"end":{"line":104,"column":29}},"32":{"start":{"line":105,"column":1},"end":{"line":105,"column":22}},"33":{"start":{"line":106,"column":1},"end":{"line":106,"column":24}},"34":{"start":{"line":112,"column":1},"end":{"line":112,"column":26}},"35":{"start":{"line":116,"column":1},"end":{"line":116,"column":13}},"36":{"start":{"line":121,"column":0},"end":{"line":597,"column":1}},"37":{"start":{"line":132,"column":2},"end":{"line":132,"column":26}},"38":{"start":{"line":136,"column":2},"end":{"line":138,"column":3}},"39":{"start":{"line":137,"column":3},"end":{"line":137,"column":27}},"40":{"start":{"line":141,"column":2},"end":{"line":141,"column":17}},"41":{"start":{"line":144,"column":2},"end":{"line":144,"column":18}},"42":{"start":{"line":146,"column":2},"end":{"line":146,"column":22}},"43":{"start":{"line":149,"column":2},"end":{"line":149,"column":27}},"44":{"start":{"line":154,"column":2},"end":{"line":156,"column":3}},"45":{"start":{"line":155,"column":3},"end":{"line":155,"column":54}},"46":{"start":{"line":164,"column":2},"end":{"line":164,"column":43}},"47":{"start":{"line":165,"column":2},"end":{"line":165,"column":45}},"48":{"start":{"line":166,"column":2},"end":{"line":166,"column":59}},"49":{"start":{"line":167,"column":2},"end":{"line":167,"column":59}},"50":{"start":{"line":168,"column":2},"end":{"line":168,"column":37}},"51":{"start":{"line":169,"column":2},"end":{"line":169,"column":39}},"52":{"start":{"line":170,"column":2},"end":{"line":170,"column":41}},"53":{"start":{"line":171,"column":2},"end":{"line":171,"column":51}},"54":{"start":{"line":172,"column":2},"end":{"line":172,"column":51}},"55":{"start":{"line":173,"column":2},"end":{"line":173,"column":51}},"56":{"start":{"line":174,"column":2},"end":{"line":174,"column":41}},"57":{"start":{"line":175,"column":2},"end":{"line":175,"column":39}},"58":{"start":{"line":185,"column":2},"end":{"line":185,"column":26}},"59":{"start":{"line":187,"column":2},"end":{"line":187,"column":36}},"60":{"start":{"line":190,"column":2},"end":{"line":190,"column":32}},"61":{"start":{"line":192,"column":2},"end":{"line":194,"column":3}},"62":{"start":{"line":193,"column":3},"end":{"line":193,"column":36}},"63":{"start":{"line":196,"column":2},"end":{"line":199,"column":3}},"64":{"start":{"line":197,"column":3},"end":{"line":197,"column":37}},"65":{"start":{"line":198,"column":3},"end":{"line":198,"column":23}},"66":{"start":{"line":202,"column":2},"end":{"line":202,"column":16}},"67":{"start":{"line":204,"column":2},"end":{"line":204,"column":25}},"68":{"start":{"line":213,"column":2},"end":{"line":213,"column":18}},"69":{"start":{"line":214,"column":2},"end":{"line":214,"column":21}},"70":{"start":{"line":215,"column":2},"end":{"line":215,"column":22}},"71":{"start":{"line":219,"column":2},"end":{"line":234,"column":3}},"72":{"start":{"line":221,"column":3},"end":{"line":221,"column":35}},"73":{"start":{"line":225,"column":3},"end":{"line":225,"column":54}},"74":{"start":{"line":226,"column":3},"end":{"line":226,"column":52}},"75":{"start":{"line":231,"column":3},"end":{"line":231,"column":38}},"76":{"start":{"line":232,"column":3},"end":{"line":232,"column":36}},"77":{"start":{"line":239,"column":2},"end":{"line":265,"column":5}},"78":{"start":{"line":241,"column":3},"end":{"line":244,"column":4}},"79":{"start":{"line":242,"column":4},"end":{"line":242,"column":56}},"80":{"start":{"line":243,"column":4},"end":{"line":243,"column":16}},"81":{"start":{"line":248,"column":3},"end":{"line":261,"column":6}},"82":{"start":{"line":250,"column":4},"end":{"line":253,"column":5}},"83":{"start":{"line":251,"column":5},"end":{"line":251,"column":56}},"84":{"start":{"line":252,"column":5},"end":{"line":252,"column":17}},"85":{"start":{"line":255,"column":4},"end":{"line":255,"column":37}},"86":{"start":{"line":256,"column":4},"end":{"line":256,"column":35}},"87":{"start":{"line":257,"column":4},"end":{"line":257,"column":22}},"88":{"start":{"line":260,"column":4},"end":{"line":260,"column":49}},"89":{"start":{"line":264,"column":3},"end":{"line":264,"column":49}},"90":{"start":{"line":281,"column":2},"end":{"line":281,"column":18}},"91":{"start":{"line":283,"column":2},"end":{"line":285,"column":3}},"92":{"start":{"line":284,"column":3},"end":{"line":284,"column":30}},"93":{"start":{"line":286,"column":2},"end":{"line":288,"column":8}},"94":{"start":{"line":287,"column":3},"end":{"line":287,"column":21}},"95":{"start":{"line":297,"column":2},"end":{"line":297,"column":18}},"96":{"start":{"line":299,"column":2},"end":{"line":301,"column":8}},"97":{"start":{"line":300,"column":3},"end":{"line":300,"column":22}},"98":{"start":{"line":309,"column":2},"end":{"line":309,"column":26}},"99":{"start":{"line":310,"column":2},"end":{"line":310,"column":20}},"100":{"start":{"line":317,"column":2},"end":{"line":317,"column":27}},"101":{"start":{"line":318,"column":2},"end":{"line":318,"column":21}},"102":{"start":{"line":326,"column":2},"end":{"line":326,"column":25}},"103":{"start":{"line":327,"column":2},"end":{"line":327,"column":26}},"104":{"start":{"line":335,"column":2},"end":{"line":335,"column":21}},"105":{"start":{"line":337,"column":2},"end":{"line":339,"column":3}},"106":{"start":{"line":338,"column":3},"end":{"line":338,"column":22}},"107":{"start":{"line":340,"column":2},"end":{"line":340,"column":27}},"108":{"start":{"line":348,"column":2},"end":{"line":348,"column":20}},"109":{"start":{"line":355,"column":2},"end":{"line":355,"column":18}},"110":{"start":{"line":356,"column":2},"end":{"line":359,"column":5}},"111":{"start":{"line":357,"column":3},"end":{"line":357,"column":33}},"112":{"start":{"line":369,"column":2},"end":{"line":369,"column":23}},"113":{"start":{"line":371,"column":2},"end":{"line":373,"column":3}},"114":{"start":{"line":372,"column":3},"end":{"line":372,"column":21}},"115":{"start":{"line":375,"column":2},"end":{"line":377,"column":3}},"116":{"start":{"line":376,"column":3},"end":{"line":376,"column":21}},"117":{"start":{"line":379,"column":2},"end":{"line":379,"column":34}},"118":{"start":{"line":399,"column":2},"end":{"line":399,"column":38}},"119":{"start":{"line":401,"column":2},"end":{"line":403,"column":3}},"120":{"start":{"line":402,"column":3},"end":{"line":402,"column":37}},"121":{"start":{"line":412,"column":2},"end":{"line":412,"column":22}},"122":{"start":{"line":414,"column":2},"end":{"line":416,"column":3}},"123":{"start":{"line":415,"column":3},"end":{"line":415,"column":30}},"124":{"start":{"line":426,"column":2},"end":{"line":426,"column":21}},"125":{"start":{"line":428,"column":2},"end":{"line":430,"column":3}},"126":{"start":{"line":429,"column":3},"end":{"line":429,"column":27}},"127":{"start":{"line":432,"column":2},"end":{"line":434,"column":3}},"128":{"start":{"line":433,"column":3},"end":{"line":433,"column":21}},"129":{"start":{"line":443,"column":2},"end":{"line":443,"column":28}},"130":{"start":{"line":449,"column":2},"end":{"line":449,"column":37}},"131":{"start":{"line":451,"column":2},"end":{"line":453,"column":3}},"132":{"start":{"line":452,"column":3},"end":{"line":452,"column":35}},"133":{"start":{"line":463,"column":2},"end":{"line":465,"column":3}},"134":{"start":{"line":464,"column":3},"end":{"line":464,"column":26}},"135":{"start":{"line":467,"column":2},"end":{"line":469,"column":3}},"136":{"start":{"line":468,"column":3},"end":{"line":468,"column":21}},"137":{"start":{"line":479,"column":2},"end":{"line":479,"column":35}},"138":{"start":{"line":481,"column":2},"end":{"line":483,"column":3}},"139":{"start":{"line":482,"column":3},"end":{"line":482,"column":29}},"140":{"start":{"line":491,"column":2},"end":{"line":491,"column":22}},"141":{"start":{"line":493,"column":2},"end":{"line":496,"column":3}},"142":{"start":{"line":494,"column":3},"end":{"line":494,"column":25}},"143":{"start":{"line":495,"column":3},"end":{"line":495,"column":43}},"144":{"start":{"line":498,"column":2},"end":{"line":500,"column":3}},"145":{"start":{"line":499,"column":3},"end":{"line":499,"column":27}},"146":{"start":{"line":508,"column":2},"end":{"line":508,"column":23}},"147":{"start":{"line":510,"column":2},"end":{"line":512,"column":3}},"148":{"start":{"line":511,"column":3},"end":{"line":511,"column":28}},"149":{"start":{"line":520,"column":2},"end":{"line":520,"column":44}},"150":{"start":{"line":522,"column":2},"end":{"line":524,"column":3}},"151":{"start":{"line":523,"column":3},"end":{"line":523,"column":47}},"152":{"start":{"line":533,"column":2},"end":{"line":550,"column":3}},"153":{"start":{"line":534,"column":3},"end":{"line":539,"column":4}},"154":{"start":{"line":535,"column":4},"end":{"line":535,"column":17}},"155":{"start":{"line":538,"column":4},"end":{"line":538,"column":16}},"156":{"start":{"line":541,"column":3},"end":{"line":543,"column":4}},"157":{"start":{"line":542,"column":4},"end":{"line":542,"column":29}},"158":{"start":{"line":547,"column":3},"end":{"line":549,"column":4}},"159":{"start":{"line":548,"column":4},"end":{"line":548,"column":29}},"160":{"start":{"line":559,"column":2},"end":{"line":565,"column":3}},"161":{"start":{"line":560,"column":3},"end":{"line":560,"column":16}},"162":{"start":{"line":564,"column":3},"end":{"line":564,"column":15}},"163":{"start":{"line":574,"column":2},"end":{"line":580,"column":3}},"164":{"start":{"line":575,"column":3},"end":{"line":575,"column":15}},"165":{"start":{"line":579,"column":3},"end":{"line":579,"column":15}},"166":{"start":{"line":589,"column":2},"end":{"line":589,"column":36}},"167":{"start":{"line":590,"column":2},"end":{"line":590,"column":38}},"168":{"start":{"line":593,"column":2},"end":{"line":595,"column":3}},"169":{"start":{"line":594,"column":3},"end":{"line":594,"column":54}},"170":{"start":{"line":600,"column":0},"end":{"line":600,"column":27}}},"branchMap":{"1":{"line":31,"type":"binary-expr","locations":[{"start":{"line":31,"column":11},"end":{"line":31,"column":13}},{"start":{"line":31,"column":17},"end":{"line":31,"column":21}}]},"2":{"line":112,"type":"binary-expr","locations":[{"start":{"line":112,"column":13},"end":{"line":112,"column":17}},{"start":{"line":112,"column":21},"end":{"line":112,"column":25}}]},"3":{"line":136,"type":"if","locations":[{"start":{"line":136,"column":2},"end":{"line":136,"column":2}},{"start":{"line":136,"column":2},"end":{"line":136,"column":2}}]},"4":{"line":154,"type":"if","locations":[{"start":{"line":154,"column":2},"end":{"line":154,"column":2}},{"start":{"line":154,"column":2},"end":{"line":154,"column":2}}]},"5":{"line":219,"type":"if","locations":[{"start":{"line":219,"column":2},"end":{"line":219,"column":2}},{"start":{"line":219,"column":2},"end":{"line":219,"column":2}}]},"6":{"line":241,"type":"if","locations":[{"start":{"line":241,"column":3},"end":{"line":241,"column":3}},{"start":{"line":241,"column":3},"end":{"line":241,"column":3}}]},"7":{"line":250,"type":"if","locations":[{"start":{"line":250,"column":4},"end":{"line":250,"column":4}},{"start":{"line":250,"column":4},"end":{"line":250,"column":4}}]},"8":{"line":283,"type":"if","locations":[{"start":{"line":283,"column":2},"end":{"line":283,"column":2}},{"start":{"line":283,"column":2},"end":{"line":283,"column":2}}]},"9":{"line":337,"type":"if","locations":[{"start":{"line":337,"column":2},"end":{"line":337,"column":2}},{"start":{"line":337,"column":2},"end":{"line":337,"column":2}}]},"10":{"line":371,"type":"if","locations":[{"start":{"line":371,"column":2},"end":{"line":371,"column":2}},{"start":{"line":371,"column":2},"end":{"line":371,"column":2}}]},"11":{"line":375,"type":"if","locations":[{"start":{"line":375,"column":2},"end":{"line":375,"column":2}},{"start":{"line":375,"column":2},"end":{"line":375,"column":2}}]},"12":{"line":401,"type":"if","locations":[{"start":{"line":401,"column":2},"end":{"line":401,"column":2}},{"start":{"line":401,"column":2},"end":{"line":401,"column":2}}]},"13":{"line":414,"type":"if","locations":[{"start":{"line":414,"column":2},"end":{"line":414,"column":2}},{"start":{"line":414,"column":2},"end":{"line":414,"column":2}}]},"14":{"line":428,"type":"if","locations":[{"start":{"line":428,"column":2},"end":{"line":428,"column":2}},{"start":{"line":428,"column":2},"end":{"line":428,"column":2}}]},"15":{"line":432,"type":"if","locations":[{"start":{"line":432,"column":2},"end":{"line":432,"column":2}},{"start":{"line":432,"column":2},"end":{"line":432,"column":2}}]},"16":{"line":451,"type":"if","locations":[{"start":{"line":451,"column":2},"end":{"line":451,"column":2}},{"start":{"line":451,"column":2},"end":{"line":451,"column":2}}]},"17":{"line":463,"type":"if","locations":[{"start":{"line":463,"column":2},"end":{"line":463,"column":2}},{"start":{"line":463,"column":2},"end":{"line":463,"column":2}}]},"18":{"line":467,"type":"if","locations":[{"start":{"line":467,"column":2},"end":{"line":467,"column":2}},{"start":{"line":467,"column":2},"end":{"line":467,"column":2}}]},"19":{"line":481,"type":"if","locations":[{"start":{"line":481,"column":2},"end":{"line":481,"column":2}},{"start":{"line":481,"column":2},"end":{"line":481,"column":2}}]},"20":{"line":493,"type":"if","locations":[{"start":{"line":493,"column":2},"end":{"line":493,"column":2}},{"start":{"line":493,"column":2},"end":{"line":493,"column":2}}]},"21":{"line":498,"type":"if","locations":[{"start":{"line":498,"column":2},"end":{"line":498,"column":2}},{"start":{"line":498,"column":2},"end":{"line":498,"column":2}}]},"22":{"line":510,"type":"if","locations":[{"start":{"line":510,"column":2},"end":{"line":510,"column":2}},{"start":{"line":510,"column":2},"end":{"line":510,"column":2}}]},"23":{"line":522,"type":"if","locations":[{"start":{"line":522,"column":2},"end":{"line":522,"column":2}},{"start":{"line":522,"column":2},"end":{"line":522,"column":2}}]},"24":{"line":533,"type":"if","locations":[{"start":{"line":533,"column":2},"end":{"line":533,"column":2}},{"start":{"line":533,"column":2},"end":{"line":533,"column":2}}]},"25":{"line":534,"type":"if","locations":[{"start":{"line":534,"column":3},"end":{"line":534,"column":3}},{"start":{"line":534,"column":3},"end":{"line":534,"column":3}}]},"26":{"line":541,"type":"if","locations":[{"start":{"line":541,"column":3},"end":{"line":541,"column":3}},{"start":{"line":541,"column":3},"end":{"line":541,"column":3}}]},"27":{"line":547,"type":"if","locations":[{"start":{"line":547,"column":3},"end":{"line":547,"column":3}},{"start":{"line":547,"column":3},"end":{"line":547,"column":3}}]},"28":{"line":559,"type":"if","locations":[{"start":{"line":559,"column":2},"end":{"line":559,"column":2}},{"start":{"line":559,"column":2},"end":{"line":559,"column":2}}]},"29":{"line":574,"type":"if","locations":[{"start":{"line":574,"column":2},"end":{"line":574,"column":2}},{"start":{"line":574,"column":2},"end":{"line":574,"column":2}}]},"30":{"line":593,"type":"if","locations":[{"start":{"line":593,"column":2},"end":{"line":593,"column":2}},{"start":{"line":593,"column":2},"end":{"line":593,"column":2}}]}}},"/Users/jsingleton20/Documents/Sites/laserdisc/src/components/SetupDOM.js":{"path":"/Users/jsingleton20/Documents/Sites/laserdisc/src/components/SetupDOM.js","s":{"1":1,"2":0,"3":0,"4":0,"5":0,"6":0,"7":0,"8":0,"9":0,"10":0,"11":0,"12":0,"13":0,"14":0,"15":0,"16":0,"17":0,"18":0,"19":0,"20":0,"21":0,"22":0,"23":0,"24":0,"25":0,"26":0,"27":0,"28":0,"29":0,"30":0,"31":0,"32":0,"33":0,"34":0,"35":0,"36":0,"37":0,"38":0,"39":0,"40":0,"41":0,"42":0,"43":0,"44":0,"45":0,"46":1},"b":{"1":[0,0],"2":[0,0],"3":[0,0],"4":[0,0],"5":[0,0],"6":[0,0],"7":[0,0],"8":[0,0]},"f":{"1":0},"fnMap":{"1":{"name":"(anonymous_1)","line":9,"loc":{"start":{"line":9,"column":15},"end":{"line":9,"column":29}}}},"statementMap":{"1":{"start":{"line":9,"column":0},"end":{"line":95,"column":2}},"2":{"start":{"line":12,"column":1},"end":{"line":12,"column":48}},"3":{"start":{"line":13,"column":1},"end":{"line":13,"column":49}},"4":{"start":{"line":16,"column":1},"end":{"line":16,"column":47}},"5":{"start":{"line":17,"column":1},"end":{"line":17,"column":45}},"6":{"start":{"line":18,"column":1},"end":{"line":18,"column":50}},"7":{"start":{"line":19,"column":1},"end":{"line":19,"column":51}},"8":{"start":{"line":22,"column":1},"end":{"line":22,"column":45}},"9":{"start":{"line":23,"column":1},"end":{"line":23,"column":35}},"10":{"start":{"line":24,"column":1},"end":{"line":24,"column":47}},"11":{"start":{"line":25,"column":1},"end":{"line":25,"column":36}},"12":{"start":{"line":28,"column":1},"end":{"line":28,"column":50}},"13":{"start":{"line":29,"column":1},"end":{"line":29,"column":52}},"14":{"start":{"line":30,"column":1},"end":{"line":30,"column":45}},"15":{"start":{"line":31,"column":1},"end":{"line":31,"column":36}},"16":{"start":{"line":33,"column":1},"end":{"line":35,"column":2}},"17":{"start":{"line":34,"column":2},"end":{"line":34,"column":47}},"18":{"start":{"line":37,"column":1},"end":{"line":43,"column":2}},"19":{"start":{"line":38,"column":2},"end":{"line":38,"column":43}},"20":{"start":{"line":41,"column":6},"end":{"line":43,"column":2}},"21":{"start":{"line":42,"column":2},"end":{"line":42,"column":40}},"22":{"start":{"line":45,"column":1},"end":{"line":45,"column":63}},"23":{"start":{"line":46,"column":1},"end":{"line":46,"column":54}},"24":{"start":{"line":47,"column":1},"end":{"line":47,"column":60}},"25":{"start":{"line":48,"column":1},"end":{"line":48,"column":48}},"26":{"start":{"line":49,"column":1},"end":{"line":49,"column":46}},"27":{"start":{"line":54,"column":1},"end":{"line":54,"column":46}},"28":{"start":{"line":56,"column":1},"end":{"line":58,"column":2}},"29":{"start":{"line":57,"column":2},"end":{"line":57,"column":34}},"30":{"start":{"line":60,"column":1},"end":{"line":62,"column":2}},"31":{"start":{"line":61,"column":2},"end":{"line":61,"column":37}},"32":{"start":{"line":65,"column":1},"end":{"line":65,"column":58}},"33":{"start":{"line":67,"column":1},"end":{"line":67,"column":39}},"34":{"start":{"line":68,"column":1},"end":{"line":68,"column":40}},"35":{"start":{"line":69,"column":1},"end":{"line":69,"column":30}},"36":{"start":{"line":72,"column":1},"end":{"line":72,"column":30}},"37":{"start":{"line":73,"column":1},"end":{"line":73,"column":31}},"38":{"start":{"line":75,"column":1},"end":{"line":75,"column":20}},"39":{"start":{"line":76,"column":1},"end":{"line":76,"column":28}},"40":{"start":{"line":77,"column":1},"end":{"line":77,"column":30}},"41":{"start":{"line":83,"column":1},"end":{"line":83,"column":40}},"42":{"start":{"line":86,"column":1},"end":{"line":88,"column":2}},"43":{"start":{"line":87,"column":2},"end":{"line":87,"column":42}},"44":{"start":{"line":90,"column":1},"end":{"line":92,"column":2}},"45":{"start":{"line":91,"column":2},"end":{"line":91,"column":38}},"46":{"start":{"line":97,"column":0},"end":{"line":97,"column":26}}},"branchMap":{"1":{"line":33,"type":"if","locations":[{"start":{"line":33,"column":1},"end":{"line":33,"column":1}},{"start":{"line":33,"column":1},"end":{"line":33,"column":1}}]},"2":{"line":37,"type":"if","locations":[{"start":{"line":37,"column":1},"end":{"line":37,"column":1}},{"start":{"line":37,"column":1},"end":{"line":37,"column":1}}]},"3":{"line":41,"type":"if","locations":[{"start":{"line":41,"column":6},"end":{"line":41,"column":6}},{"start":{"line":41,"column":6},"end":{"line":41,"column":6}}]},"4":{"line":56,"type":"if","locations":[{"start":{"line":56,"column":1},"end":{"line":56,"column":1}},{"start":{"line":56,"column":1},"end":{"line":56,"column":1}}]},"5":{"line":60,"type":"if","locations":[{"start":{"line":60,"column":1},"end":{"line":60,"column":1}},{"start":{"line":60,"column":1},"end":{"line":60,"column":1}}]},"6":{"line":83,"type":"binary-expr","locations":[{"start":{"line":83,"column":21},"end":{"line":83,"column":32}},{"start":{"line":83,"column":36},"end":{"line":83,"column":39}}]},"7":{"line":86,"type":"if","locations":[{"start":{"line":86,"column":1},"end":{"line":86,"column":1}},{"start":{"line":86,"column":1},"end":{"line":86,"column":1}}]},"8":{"line":90,"type":"if","locations":[{"start":{"line":90,"column":1},"end":{"line":90,"column":1}},{"start":{"line":90,"column":1},"end":{"line":90,"column":1}}]}}},"/Users/jsingleton20/Documents/Sites/laserdisc/src/components/OverwriteDefaults.js":{"path":"/Users/jsingleton20/Documents/Sites/laserdisc/src/components/OverwriteDefaults.js","s":{"1":1,"2":0,"3":0,"4":0,"5":0,"6":0,"7":0,"8":0,"9":0,"10":0,"11":0,"12":0,"13":0,"14":0,"15":0,"16":0,"17":0,"18":0,"19":0,"20":0,"21":0,"22":0,"23":0,"24":0,"25":0,"26":0,"27":0,"28":0,"29":0,"30":0,"31":0,"32":0,"33":0,"34":0,"35":0,"36":0,"37":0,"38":0,"39":0,"40":0,"41":0,"42":0,"43":0,"44":0,"45":0,"46":0,"47":0,"48":0,"49":0,"50":0,"51":0,"52":0,"53":0,"54":1},"b":{"1":[0,0],"2":[0,0],"3":[0,0],"4":[0,0],"5":[0,0],"6":[0,0],"7":[0,0],"8":[0,0],"9":[0,0],"10":[0,0],"11":[0,0],"12":[0,0],"13":[0,0],"14":[0,0],"15":[0,0],"16":[0,0],"17":[0,0],"18":[0,0],"19":[0,0],"20":[0,0],"21":[0,0],"22":[0,0],"23":[0,0],"24":[0,0],"25":[0,0],"26":[0,0],"27":[0,0],"28":[0,0],"29":[0,0],"30":[0,0],"31":[0,0],"32":[0,0],"33":[0,0],"34":[0,0],"35":[0,0],"36":[0,0],"37":[0,0]},"f":{"1":0},"fnMap":{"1":{"name":"(anonymous_1)","line":10,"loc":{"start":{"line":10,"column":24},"end":{"line":10,"column":38}}}},"statementMap":{"1":{"start":{"line":10,"column":0},"end":{"line":142,"column":2}},"2":{"start":{"line":16,"column":1},"end":{"line":16,"column":48}},"3":{"start":{"line":17,"column":1},"end":{"line":17,"column":44}},"4":{"start":{"line":18,"column":1},"end":{"line":18,"column":42}},"5":{"start":{"line":19,"column":1},"end":{"line":19,"column":56}},"6":{"start":{"line":21,"column":1},"end":{"line":23,"column":2}},"7":{"start":{"line":22,"column":2},"end":{"line":22,"column":13}},"8":{"start":{"line":25,"column":1},"end":{"line":29,"column":2}},"9":{"start":{"line":26,"column":2},"end":{"line":26,"column":36}},"10":{"start":{"line":27,"column":2},"end":{"line":27,"column":26}},"11":{"start":{"line":28,"column":2},"end":{"line":28,"column":26}},"12":{"start":{"line":34,"column":1},"end":{"line":40,"column":2}},"13":{"start":{"line":36,"column":2},"end":{"line":39,"column":3}},"14":{"start":{"line":37,"column":3},"end":{"line":37,"column":45}},"15":{"start":{"line":38,"column":3},"end":{"line":38,"column":23}},"16":{"start":{"line":46,"column":1},"end":{"line":48,"column":2}},"17":{"start":{"line":47,"column":2},"end":{"line":47,"column":28}},"18":{"start":{"line":52,"column":1},"end":{"line":54,"column":2}},"19":{"start":{"line":53,"column":2},"end":{"line":53,"column":30}},"20":{"start":{"line":59,"column":1},"end":{"line":63,"column":2}},"21":{"start":{"line":60,"column":2},"end":{"line":60,"column":42}},"22":{"start":{"line":61,"column":2},"end":{"line":61,"column":23}},"23":{"start":{"line":62,"column":2},"end":{"line":62,"column":26}},"24":{"start":{"line":69,"column":1},"end":{"line":71,"column":2}},"25":{"start":{"line":70,"column":2},"end":{"line":70,"column":43}},"26":{"start":{"line":76,"column":1},"end":{"line":78,"column":2}},"27":{"start":{"line":77,"column":2},"end":{"line":77,"column":37}},"28":{"start":{"line":83,"column":1},"end":{"line":85,"column":2}},"29":{"start":{"line":84,"column":2},"end":{"line":84,"column":41}},"30":{"start":{"line":87,"column":1},"end":{"line":89,"column":2}},"31":{"start":{"line":88,"column":2},"end":{"line":88,"column":43}},"32":{"start":{"line":91,"column":1},"end":{"line":93,"column":2}},"33":{"start":{"line":92,"column":2},"end":{"line":92,"column":41}},"34":{"start":{"line":95,"column":1},"end":{"line":97,"column":2}},"35":{"start":{"line":96,"column":2},"end":{"line":96,"column":43}},"36":{"start":{"line":99,"column":1},"end":{"line":101,"column":2}},"37":{"start":{"line":100,"column":2},"end":{"line":100,"column":39}},"38":{"start":{"line":103,"column":1},"end":{"line":105,"column":2}},"39":{"start":{"line":104,"column":2},"end":{"line":104,"column":53}},"40":{"start":{"line":107,"column":1},"end":{"line":109,"column":2}},"41":{"start":{"line":108,"column":2},"end":{"line":108,"column":43}},"42":{"start":{"line":111,"column":1},"end":{"line":113,"column":2}},"43":{"start":{"line":112,"column":2},"end":{"line":112,"column":61}},"44":{"start":{"line":116,"column":1},"end":{"line":118,"column":2}},"45":{"start":{"line":117,"column":2},"end":{"line":117,"column":47}},"46":{"start":{"line":120,"column":1},"end":{"line":122,"column":2}},"47":{"start":{"line":121,"column":2},"end":{"line":121,"column":61}},"48":{"start":{"line":127,"column":1},"end":{"line":140,"column":2}},"49":{"start":{"line":129,"column":2},"end":{"line":139,"column":3}},"50":{"start":{"line":130,"column":3},"end":{"line":130,"column":23}},"51":{"start":{"line":133,"column":7},"end":{"line":139,"column":3}},"52":{"start":{"line":134,"column":3},"end":{"line":134,"column":22}},"53":{"start":{"line":138,"column":3},"end":{"line":138,"column":23}},"54":{"start":{"line":145,"column":0},"end":{"line":145,"column":35}}},"branchMap":{"1":{"line":16,"type":"binary-expr","locations":[{"start":{"line":16,"column":19},"end":{"line":16,"column":39}},{"start":{"line":16,"column":43},"end":{"line":16,"column":48}}]},"2":{"line":17,"type":"binary-expr","locations":[{"start":{"line":17,"column":17},"end":{"line":17,"column":35}},{"start":{"line":17,"column":39},"end":{"line":17,"column":44}}]},"3":{"line":18,"type":"binary-expr","locations":[{"start":{"line":18,"column":16},"end":{"line":18,"column":33}},{"start":{"line":18,"column":37},"end":{"line":18,"column":42}}]},"4":{"line":19,"type":"binary-expr","locations":[{"start":{"line":19,"column":23},"end":{"line":19,"column":47}},{"start":{"line":19,"column":51},"end":{"line":19,"column":56}}]},"5":{"line":21,"type":"if","locations":[{"start":{"line":21,"column":1},"end":{"line":21,"column":1}},{"start":{"line":21,"column":1},"end":{"line":21,"column":1}}]},"6":{"line":25,"type":"if","locations":[{"start":{"line":25,"column":1},"end":{"line":25,"column":1}},{"start":{"line":25,"column":1},"end":{"line":25,"column":1}}]},"7":{"line":34,"type":"if","locations":[{"start":{"line":34,"column":1},"end":{"line":34,"column":1}},{"start":{"line":34,"column":1},"end":{"line":34,"column":1}}]},"8":{"line":46,"type":"if","locations":[{"start":{"line":46,"column":1},"end":{"line":46,"column":1}},{"start":{"line":46,"column":1},"end":{"line":46,"column":1}}]},"9":{"line":52,"type":"if","locations":[{"start":{"line":52,"column":1},"end":{"line":52,"column":1}},{"start":{"line":52,"column":1},"end":{"line":52,"column":1}}]},"10":{"line":59,"type":"if","locations":[{"start":{"line":59,"column":1},"end":{"line":59,"column":1}},{"start":{"line":59,"column":1},"end":{"line":59,"column":1}}]},"11":{"line":69,"type":"if","locations":[{"start":{"line":69,"column":1},"end":{"line":69,"column":1}},{"start":{"line":69,"column":1},"end":{"line":69,"column":1}}]},"12":{"line":76,"type":"if","locations":[{"start":{"line":76,"column":1},"end":{"line":76,"column":1}},{"start":{"line":76,"column":1},"end":{"line":76,"column":1}}]},"13":{"line":83,"type":"if","locations":[{"start":{"line":83,"column":1},"end":{"line":83,"column":1}},{"start":{"line":83,"column":1},"end":{"line":83,"column":1}}]},"14":{"line":83,"type":"binary-expr","locations":[{"start":{"line":83,"column":5},"end":{"line":83,"column":39}},{"start":{"line":83,"column":43},"end":{"line":83,"column":81}}]},"15":{"line":87,"type":"if","locations":[{"start":{"line":87,"column":1},"end":{"line":87,"column":1}},{"start":{"line":87,"column":1},"end":{"line":87,"column":1}}]},"16":{"line":87,"type":"binary-expr","locations":[{"start":{"line":87,"column":5},"end":{"line":87,"column":40}},{"start":{"line":87,"column":44},"end":{"line":87,"column":83}}]},"17":{"line":91,"type":"if","locations":[{"start":{"line":91,"column":1},"end":{"line":91,"column":1}},{"start":{"line":91,"column":1},"end":{"line":91,"column":1}}]},"18":{"line":91,"type":"binary-expr","locations":[{"start":{"line":91,"column":5},"end":{"line":91,"column":39}},{"start":{"line":91,"column":43},"end":{"line":91,"column":81}}]},"19":{"line":95,"type":"if","locations":[{"start":{"line":95,"column":1},"end":{"line":95,"column":1}},{"start":{"line":95,"column":1},"end":{"line":95,"column":1}}]},"20":{"line":95,"type":"binary-expr","locations":[{"start":{"line":95,"column":5},"end":{"line":95,"column":40}},{"start":{"line":95,"column":44},"end":{"line":95,"column":83}}]},"21":{"line":99,"type":"if","locations":[{"start":{"line":99,"column":1},"end":{"line":99,"column":1}},{"start":{"line":99,"column":1},"end":{"line":99,"column":1}}]},"22":{"line":99,"type":"binary-expr","locations":[{"start":{"line":99,"column":5},"end":{"line":99,"column":38}},{"start":{"line":99,"column":42},"end":{"line":99,"column":79}}]},"23":{"line":103,"type":"if","locations":[{"start":{"line":103,"column":1},"end":{"line":103,"column":1}},{"start":{"line":103,"column":1},"end":{"line":103,"column":1}}]},"24":{"line":103,"type":"binary-expr","locations":[{"start":{"line":103,"column":5},"end":{"line":103,"column":45}},{"start":{"line":103,"column":49},"end":{"line":103,"column":93}}]},"25":{"line":107,"type":"if","locations":[{"start":{"line":107,"column":1},"end":{"line":107,"column":1}},{"start":{"line":107,"column":1},"end":{"line":107,"column":1}}]},"26":{"line":107,"type":"binary-expr","locations":[{"start":{"line":107,"column":5},"end":{"line":107,"column":40}},{"start":{"line":107,"column":44},"end":{"line":107,"column":83}}]},"27":{"line":111,"type":"if","locations":[{"start":{"line":111,"column":1},"end":{"line":111,"column":1}},{"start":{"line":111,"column":1},"end":{"line":111,"column":1}}]},"28":{"line":111,"type":"binary-expr","locations":[{"start":{"line":111,"column":5},"end":{"line":111,"column":49}},{"start":{"line":111,"column":53},"end":{"line":111,"column":101}}]},"29":{"line":116,"type":"if","locations":[{"start":{"line":116,"column":1},"end":{"line":116,"column":1}},{"start":{"line":116,"column":1},"end":{"line":116,"column":1}}]},"30":{"line":116,"type":"binary-expr","locations":[{"start":{"line":116,"column":5},"end":{"line":116,"column":42}},{"start":{"line":116,"column":46},"end":{"line":116,"column":87}}]},"31":{"line":120,"type":"if","locations":[{"start":{"line":120,"column":1},"end":{"line":120,"column":1}},{"start":{"line":120,"column":1},"end":{"line":120,"column":1}}]},"32":{"line":120,"type":"binary-expr","locations":[{"start":{"line":120,"column":5},"end":{"line":120,"column":49}},{"start":{"line":120,"column":53},"end":{"line":120,"column":101}}]},"33":{"line":127,"type":"if","locations":[{"start":{"line":127,"column":1},"end":{"line":127,"column":1}},{"start":{"line":127,"column":1},"end":{"line":127,"column":1}}]},"34":{"line":129,"type":"if","locations":[{"start":{"line":129,"column":2},"end":{"line":129,"column":2}},{"start":{"line":129,"column":2},"end":{"line":129,"column":2}}]},"35":{"line":129,"type":"binary-expr","locations":[{"start":{"line":129,"column":6},"end":{"line":129,"column":32}},{"start":{"line":129,"column":36},"end":{"line":129,"column":62}}]},"36":{"line":133,"type":"if","locations":[{"start":{"line":133,"column":7},"end":{"line":133,"column":7}},{"start":{"line":133,"column":7},"end":{"line":133,"column":7}}]},"37":{"line":133,"type":"binary-expr","locations":[{"start":{"line":133,"column":11},"end":{"line":133,"column":36}},{"start":{"line":133,"column":40},"end":{"line":133,"column":65}}]}}},"/Users/jsingleton20/Documents/Sites/laserdisc/src/components/Requirements.js":{"path":"/Users/jsingleton20/Documents/Sites/laserdisc/src/components/Requirements.js","s":{"1":1,"2":0,"3":0,"4":0,"5":0,"6":0,"7":0,"8":0,"9":0,"10":0,"11":0,"12":0,"13":0,"14":0,"15":0,"16":1},"b":{"1":[0,0],"2":[0,0],"3":[0,0],"4":[0,0],"5":[0,0]},"f":{"1":0},"fnMap":{"1":{"name":"(anonymous_1)","line":8,"loc":{"start":{"line":8,"column":19},"end":{"line":8,"column":33}}}},"statementMap":{"1":{"start":{"line":8,"column":0},"end":{"line":40,"column":1}},"2":{"start":{"line":10,"column":1},"end":{"line":13,"column":2}},"3":{"start":{"line":11,"column":2},"end":{"line":11,"column":61}},"4":{"start":{"line":12,"column":2},"end":{"line":12,"column":63}},"5":{"start":{"line":15,"column":1},"end":{"line":15,"column":50}},"6":{"start":{"line":16,"column":1},"end":{"line":16,"column":50}},"7":{"start":{"line":22,"column":1},"end":{"line":25,"column":2}},"8":{"start":{"line":23,"column":2},"end":{"line":23,"column":107}},"9":{"start":{"line":24,"column":2},"end":{"line":24,"column":110}},"10":{"start":{"line":31,"column":1},"end":{"line":39,"column":2}},"11":{"start":{"line":32,"column":2},"end":{"line":32,"column":27}},"12":{"start":{"line":33,"column":2},"end":{"line":33,"column":24}},"13":{"start":{"line":36,"column":6},"end":{"line":39,"column":2}},"14":{"start":{"line":37,"column":2},"end":{"line":37,"column":27}},"15":{"start":{"line":38,"column":2},"end":{"line":38,"column":24}},"16":{"start":{"line":42,"column":0},"end":{"line":42,"column":30}}},"branchMap":{"1":{"line":10,"type":"if","locations":[{"start":{"line":10,"column":1},"end":{"line":10,"column":1}},{"start":{"line":10,"column":1},"end":{"line":10,"column":1}}]},"2":{"line":22,"type":"if","locations":[{"start":{"line":22,"column":1},"end":{"line":22,"column":1}},{"start":{"line":22,"column":1},"end":{"line":22,"column":1}}]},"3":{"line":22,"type":"binary-expr","locations":[{"start":{"line":22,"column":5},"end":{"line":22,"column":17}},{"start":{"line":22,"column":21},"end":{"line":22,"column":33}}]},"4":{"line":31,"type":"if","locations":[{"start":{"line":31,"column":1},"end":{"line":31,"column":1}},{"start":{"line":31,"column":1},"end":{"line":31,"column":1}}]},"5":{"line":36,"type":"if","locations":[{"start":{"line":36,"column":6},"end":{"line":36,"column":6}},{"start":{"line":36,"column":6},"end":{"line":36,"column":6}}]}}},"/Users/jsingleton20/Documents/Sites/laserdisc/src/components/FindClosest.js":{"path":"/Users/jsingleton20/Documents/Sites/laserdisc/src/components/FindClosest.js","s":{"1":1,"2":0,"3":0,"4":0,"5":0,"6":0,"7":0,"8":0,"9":0,"10":0,"11":0,"12":0,"13":1},"b":{"1":[0,0]},"f":{"1":0},"fnMap":{"1":{"name":"(anonymous_1)","line":8,"loc":{"start":{"line":8,"column":18},"end":{"line":8,"column":32}}}},"statementMap":{"1":{"start":{"line":8,"column":0},"end":{"line":26,"column":2}},"2":{"start":{"line":10,"column":1},"end":{"line":10,"column":11}},"3":{"start":{"line":11,"column":1},"end":{"line":11,"column":29}},"4":{"start":{"line":12,"column":1},"end":{"line":12,"column":25}},"5":{"start":{"line":13,"column":1},"end":{"line":13,"column":22}},"6":{"start":{"line":14,"column":1},"end":{"line":14,"column":9}},"7":{"start":{"line":16,"column":1},"end":{"line":23,"column":2}},"8":{"start":{"line":17,"column":2},"end":{"line":17,"column":33}},"9":{"start":{"line":19,"column":2},"end":{"line":22,"column":3}},"10":{"start":{"line":20,"column":3},"end":{"line":20,"column":15}},"11":{"start":{"line":21,"column":3},"end":{"line":21,"column":16}},"12":{"start":{"line":25,"column":1},"end":{"line":25,"column":12}},"13":{"start":{"line":29,"column":0},"end":{"line":29,"column":29}}},"branchMap":{"1":{"line":19,"type":"if","locations":[{"start":{"line":19,"column":2},"end":{"line":19,"column":2}},{"start":{"line":19,"column":2},"end":{"line":19,"column":2}}]}}},"/Users/jsingleton20/Documents/Sites/laserdisc/src/components/Listeners.js":{"path":"/Users/jsingleton20/Documents/Sites/laserdisc/src/components/Listeners.js","s":{"1":1,"2":0,"3":0,"4":0,"5":0,"6":0,"7":0,"8":0,"9":0,"10":0,"11":0,"12":0,"13":0,"14":0,"15":0,"16":0,"17":0,"18":0,"19":0,"20":0,"21":0,"22":0,"23":0,"24":0,"25":0,"26":0,"27":0,"28":0,"29":0,"30":0,"31":0,"32":0,"33":0,"34":1},"b":{"1":[0,0],"2":[0,0],"3":[0,0]},"f":{"1":0,"2":0},"fnMap":{"1":{"name":"(anonymous_1)","line":11,"loc":{"start":{"line":11,"column":6},"end":{"line":11,"column":20}}},"2":{"name":"(anonymous_2)","line":35,"loc":{"start":{"line":35,"column":9},"end":{"line":35,"column":23}}}},"statementMap":{"1":{"start":{"line":9,"column":0},"end":{"line":62,"column":1}},"2":{"start":{"line":13,"column":2},"end":{"line":13,"column":58}},"3":{"start":{"line":14,"column":2},"end":{"line":14,"column":64}},"4":{"start":{"line":15,"column":2},"end":{"line":15,"column":78}},"5":{"start":{"line":16,"column":2},"end":{"line":16,"column":78}},"6":{"start":{"line":17,"column":2},"end":{"line":17,"column":58}},"7":{"start":{"line":18,"column":2},"end":{"line":18,"column":60}},"8":{"start":{"line":19,"column":2},"end":{"line":19,"column":58}},"9":{"start":{"line":20,"column":2},"end":{"line":20,"column":60}},"10":{"start":{"line":21,"column":2},"end":{"line":21,"column":70}},"11":{"start":{"line":22,"column":2},"end":{"line":22,"column":64}},"12":{"start":{"line":23,"column":2},"end":{"line":23,"column":78}},"13":{"start":{"line":24,"column":2},"end":{"line":24,"column":60}},"14":{"start":{"line":26,"column":2},"end":{"line":29,"column":3}},"15":{"start":{"line":27,"column":3},"end":{"line":27,"column":71}},"16":{"start":{"line":28,"column":3},"end":{"line":28,"column":71}},"17":{"start":{"line":36,"column":2},"end":{"line":36,"column":61}},"18":{"start":{"line":39,"column":2},"end":{"line":39,"column":67}},"19":{"start":{"line":40,"column":2},"end":{"line":40,"column":81}},"20":{"start":{"line":41,"column":2},"end":{"line":41,"column":81}},"21":{"start":{"line":42,"column":2},"end":{"line":42,"column":61}},"22":{"start":{"line":43,"column":2},"end":{"line":43,"column":63}},"23":{"start":{"line":44,"column":2},"end":{"line":44,"column":61}},"24":{"start":{"line":45,"column":2},"end":{"line":45,"column":63}},"25":{"start":{"line":46,"column":2},"end":{"line":46,"column":73}},"26":{"start":{"line":47,"column":2},"end":{"line":47,"column":67}},"27":{"start":{"line":48,"column":2},"end":{"line":48,"column":81}},"28":{"start":{"line":49,"column":2},"end":{"line":49,"column":63}},"29":{"start":{"line":51,"column":2},"end":{"line":54,"column":3}},"30":{"start":{"line":52,"column":3},"end":{"line":52,"column":74}},"31":{"start":{"line":53,"column":3},"end":{"line":53,"column":74}},"32":{"start":{"line":56,"column":2},"end":{"line":58,"column":3}},"33":{"start":{"line":57,"column":3},"end":{"line":57,"column":42}},"34":{"start":{"line":64,"column":0},"end":{"line":64,"column":27}}},"branchMap":{"1":{"line":26,"type":"if","locations":[{"start":{"line":26,"column":2},"end":{"line":26,"column":2}},{"start":{"line":26,"column":2},"end":{"line":26,"column":2}}]},"2":{"line":51,"type":"if","locations":[{"start":{"line":51,"column":2},"end":{"line":51,"column":2}},{"start":{"line":51,"column":2},"end":{"line":51,"column":2}}]},"3":{"line":56,"type":"if","locations":[{"start":{"line":56,"column":2},"end":{"line":56,"column":2}},{"start":{"line":56,"column":2},"end":{"line":56,"column":2}}]}}}}