TN:
SF:/Users/jsingleton20/Documents/Sites/laserdisc/index.js
FN:26,(anonymous_1)
FN:127,(anonymous_2)
FN:163,(anonymous_3)
FN:183,(anonymous_4)
FN:192,(anonymous_5)
FN:196,(anonymous_6)
FN:212,(anonymous_7)
FN:239,(anonymous_8)
FN:248,(anonymous_9)
FN:259,(anonymous_10)
FN:263,(anonymous_11)
FN:280,(anonymous_12)
FN:286,(anonymous_13)
FN:296,(anonymous_14)
FN:299,(anonymous_15)
FN:308,(anonymous_16)
FN:316,(anonymous_17)
FN:325,(anonymous_18)
FN:334,(anonymous_19)
FN:347,(anonymous_20)
FN:354,(anonymous_21)
FN:356,(anonymous_22)
FN:366,(anonymous_23)
FN:398,(anonymous_24)
FN:411,(anonymous_25)
FN:425,(anonymous_26)
FN:442,(anonymous_27)
FN:460,(anonymous_28)
FN:478,(anonymous_29)
FN:490,(anonymous_30)
FN:507,(anonymous_31)
FN:519,(anonymous_32)
FN:531,(anonymous_33)
FN:558,(anonymous_34)
FN:573,(anonymous_35)
FN:587,(anonymous_36)
FNF:36
FNH:0
FNDA:0,(anonymous_1)
FNDA:0,(anonymous_2)
FNDA:0,(anonymous_3)
FNDA:0,(anonymous_4)
FNDA:0,(anonymous_5)
FNDA:0,(anonymous_6)
FNDA:0,(anonymous_7)
FNDA:0,(anonymous_8)
FNDA:0,(anonymous_9)
FNDA:0,(anonymous_10)
FNDA:0,(anonymous_11)
FNDA:0,(anonymous_12)
FNDA:0,(anonymous_13)
FNDA:0,(anonymous_14)
FNDA:0,(anonymous_15)
FNDA:0,(anonymous_16)
FNDA:0,(anonymous_17)
FNDA:0,(anonymous_18)
FNDA:0,(anonymous_19)
FNDA:0,(anonymous_20)
FNDA:0,(anonymous_21)
FNDA:0,(anonymous_22)
FNDA:0,(anonymous_23)
FNDA:0,(anonymous_24)
FNDA:0,(anonymous_25)
FNDA:0,(anonymous_26)
FNDA:0,(anonymous_27)
FNDA:0,(anonymous_28)
FNDA:0,(anonymous_29)
FNDA:0,(anonymous_30)
FNDA:0,(anonymous_31)
FNDA:0,(anonymous_32)
FNDA:0,(anonymous_33)
FNDA:0,(anonymous_34)
FNDA:0,(anonymous_35)
FNDA:0,(anonymous_36)
DA:6,1
DA:7,1
DA:15,1
DA:18,1
DA:19,1
DA:20,1
DA:21,1
DA:22,1
DA:26,1
DA:31,0
DA:37,0
DA:38,0
DA:43,0
DA:44,0
DA:50,0
DA:53,0
DA:56,0
DA:59,0
DA:62,0
DA:65,0
DA:69,0
DA:72,0
DA:75,0
DA:78,0
DA:82,0
DA:91,0
DA:92,0
DA:95,0
DA:102,0
DA:103,0
DA:104,0
DA:105,0
DA:106,0
DA:112,0
DA:116,0
DA:121,1
DA:132,0
DA:136,0
DA:137,0
DA:141,0
DA:144,0
DA:146,0
DA:149,0
DA:154,0
DA:155,0
DA:164,0
DA:165,0
DA:166,0
DA:167,0
DA:168,0
DA:169,0
DA:170,0
DA:171,0
DA:172,0
DA:173,0
DA:174,0
DA:175,0
DA:185,0
DA:187,0
DA:190,0
DA:192,0
DA:193,0
DA:196,0
DA:197,0
DA:198,0
DA:202,0
DA:204,0
DA:213,0
DA:214,0
DA:215,0
DA:219,0
DA:221,0
DA:225,0
DA:226,0
DA:231,0
DA:232,0
DA:239,0
DA:241,0
DA:242,0
DA:243,0
DA:248,0
DA:250,0
DA:251,0
DA:252,0
DA:255,0
DA:256,0
DA:257,0
DA:260,0
DA:264,0
DA:281,0
DA:283,0
DA:284,0
DA:286,0
DA:287,0
DA:297,0
DA:299,0
DA:300,0
DA:309,0
DA:310,0
DA:317,0
DA:318,0
DA:326,0
DA:327,0
DA:335,0
DA:337,0
DA:338,0
DA:340,0
DA:348,0
DA:355,0
DA:356,0
DA:357,0
DA:369,0
DA:371,0
DA:372,0
DA:375,0
DA:376,0
DA:379,0
DA:399,0
DA:401,0
DA:402,0
DA:412,0
DA:414,0
DA:415,0
DA:426,0
DA:428,0
DA:429,0
DA:432,0
DA:433,0
DA:443,0
DA:449,0
DA:451,0
DA:452,0
DA:463,0
DA:464,0
DA:467,0
DA:468,0
DA:479,0
DA:481,0
DA:482,0
DA:491,0
DA:493,0
DA:494,0
DA:495,0
DA:498,0
DA:499,0
DA:508,0
DA:510,0
DA:511,0
DA:520,0
DA:522,0
DA:523,0
DA:533,0
DA:534,0
DA:535,0
DA:538,0
DA:541,0
DA:542,0
DA:547,0
DA:548,0
DA:559,0
DA:560,0
DA:564,0
DA:574,0
DA:575,0
DA:579,0
DA:589,0
DA:590,0
DA:593,0
DA:594,0
DA:600,1
LF:170
LH:11
BRDA:31,1,0,0
BRDA:31,1,1,0
BRDA:112,2,0,0
BRDA:112,2,1,0
BRDA:136,3,0,0
BRDA:136,3,1,0
BRDA:154,4,0,0
BRDA:154,4,1,0
BRDA:219,5,0,0
BRDA:219,5,1,0
BRDA:241,6,0,0
BRDA:241,6,1,0
BRDA:250,7,0,0
BRDA:250,7,1,0
BRDA:283,8,0,0
BRDA:283,8,1,0
BRDA:337,9,0,0
BRDA:337,9,1,0
BRDA:371,10,0,0
BRDA:371,10,1,0
BRDA:375,11,0,0
BRDA:375,11,1,0
BRDA:401,12,0,0
BRDA:401,12,1,0
BRDA:414,13,0,0
BRDA:414,13,1,0
BRDA:428,14,0,0
BRDA:428,14,1,0
BRDA:432,15,0,0
BRDA:432,15,1,0
BRDA:451,16,0,0
BRDA:451,16,1,0
BRDA:463,17,0,0
BRDA:463,17,1,0
BRDA:467,18,0,0
BRDA:467,18,1,0
BRDA:481,19,0,0
BRDA:481,19,1,0
BRDA:493,20,0,0
BRDA:493,20,1,0
BRDA:498,21,0,0
BRDA:498,21,1,0
BRDA:510,22,0,0
BRDA:510,22,1,0
BRDA:522,23,0,0
BRDA:522,23,1,0
BRDA:533,24,0,0
BRDA:533,24,1,0
BRDA:534,25,0,0
BRDA:534,25,1,0
BRDA:541,26,0,0
BRDA:541,26,1,0
BRDA:547,27,0,0
BRDA:547,27,1,0
BRDA:559,28,0,0
BRDA:559,28,1,0
BRDA:574,29,0,0
BRDA:574,29,1,0
BRDA:593,30,0,0
BRDA:593,30,1,0
BRF:60
BRH:0
end_of_record
TN:
SF:/Users/jsingleton20/Documents/Sites/laserdisc/src/components/SetupDOM.js
FN:9,(anonymous_1)
FNF:1
FNH:0
FNDA:0,(anonymous_1)
DA:9,1
DA:12,0
DA:13,0
DA:16,0
DA:17,0
DA:18,0
DA:19,0
DA:22,0
DA:23,0
DA:24,0
DA:25,0
DA:28,0
DA:29,0
DA:30,0
DA:31,0
DA:33,0
DA:34,0
DA:37,0
DA:38,0
DA:41,0
DA:42,0
DA:45,0
DA:46,0
DA:47,0
DA:48,0
DA:49,0
DA:54,0
DA:56,0
DA:57,0
DA:60,0
DA:61,0
DA:65,0
DA:67,0
DA:68,0
DA:69,0
DA:72,0
DA:73,0
DA:75,0
DA:76,0
DA:77,0
DA:83,0
DA:86,0
DA:87,0
DA:90,0
DA:91,0
DA:97,1
LF:46
LH:2
BRDA:33,1,0,0
BRDA:33,1,1,0
BRDA:37,2,0,0
BRDA:37,2,1,0
BRDA:41,3,0,0
BRDA:41,3,1,0
BRDA:56,4,0,0
BRDA:56,4,1,0
BRDA:60,5,0,0
BRDA:60,5,1,0
BRDA:83,6,0,0
BRDA:83,6,1,0
BRDA:86,7,0,0
BRDA:86,7,1,0
BRDA:90,8,0,0
BRDA:90,8,1,0
BRF:16
BRH:0
end_of_record
TN:
SF:/Users/jsingleton20/Documents/Sites/laserdisc/src/components/OverwriteDefaults.js
FN:10,(anonymous_1)
FNF:1
FNH:0
FNDA:0,(anonymous_1)
DA:10,1
DA:16,0
DA:17,0
DA:18,0
DA:19,0
DA:21,0
DA:22,0
DA:25,0
DA:26,0
DA:27,0
DA:28,0
DA:34,0
DA:36,0
DA:37,0
DA:38,0
DA:46,0
DA:47,0
DA:52,0
DA:53,0
DA:59,0
DA:60,0
DA:61,0
DA:62,0
DA:69,0
DA:70,0
DA:76,0
DA:77,0
DA:83,0
DA:84,0
DA:87,0
DA:88,0
DA:91,0
DA:92,0
DA:95,0
DA:96,0
DA:99,0
DA:100,0
DA:103,0
DA:104,0
DA:107,0
DA:108,0
DA:111,0
DA:112,0
DA:116,0
DA:117,0
DA:120,0
DA:121,0
DA:127,0
DA:129,0
DA:130,0
DA:133,0
DA:134,0
DA:138,0
DA:145,1
LF:54
LH:2
BRDA:16,1,0,0
BRDA:16,1,1,0
BRDA:17,2,0,0
BRDA:17,2,1,0
BRDA:18,3,0,0
BRDA:18,3,1,0
BRDA:19,4,0,0
BRDA:19,4,1,0
BRDA:21,5,0,0
BRDA:21,5,1,0
BRDA:25,6,0,0
BRDA:25,6,1,0
BRDA:34,7,0,0
BRDA:34,7,1,0
BRDA:46,8,0,0
BRDA:46,8,1,0
BRDA:52,9,0,0
BRDA:52,9,1,0
BRDA:59,10,0,0
BRDA:59,10,1,0
BRDA:69,11,0,0
BRDA:69,11,1,0
BRDA:76,12,0,0
BRDA:76,12,1,0
BRDA:83,13,0,0
BRDA:83,13,1,0
BRDA:83,14,0,0
BRDA:83,14,1,0
BRDA:87,15,0,0
BRDA:87,15,1,0
BRDA:87,16,0,0
BRDA:87,16,1,0
BRDA:91,17,0,0
BRDA:91,17,1,0
BRDA:91,18,0,0
BRDA:91,18,1,0
BRDA:95,19,0,0
BRDA:95,19,1,0
BRDA:95,20,0,0
BRDA:95,20,1,0
BRDA:99,21,0,0
BRDA:99,21,1,0
BRDA:99,22,0,0
BRDA:99,22,1,0
BRDA:103,23,0,0
BRDA:103,23,1,0
BRDA:103,24,0,0
BRDA:103,24,1,0
BRDA:107,25,0,0
BRDA:107,25,1,0
BRDA:107,26,0,0
BRDA:107,26,1,0
BRDA:111,27,0,0
BRDA:111,27,1,0
BRDA:111,28,0,0
BRDA:111,28,1,0
BRDA:116,29,0,0
BRDA:116,29,1,0
BRDA:116,30,0,0
BRDA:116,30,1,0
BRDA:120,31,0,0
BRDA:120,31,1,0
BRDA:120,32,0,0
BRDA:120,32,1,0
BRDA:127,33,0,0
BRDA:127,33,1,0
BRDA:129,34,0,0
BRDA:129,34,1,0
BRDA:129,35,0,0
BRDA:129,35,1,0
BRDA:133,36,0,0
BRDA:133,36,1,0
BRDA:133,37,0,0
BRDA:133,37,1,0
BRF:74
BRH:0
end_of_record
TN:
SF:/Users/jsingleton20/Documents/Sites/laserdisc/src/components/Requirements.js
FN:8,(anonymous_1)
FNF:1
FNH:0
FNDA:0,(anonymous_1)
DA:8,1
DA:10,0
DA:11,0
DA:12,0
DA:15,0
DA:16,0
DA:22,0
DA:23,0
DA:24,0
DA:31,0
DA:32,0
DA:33,0
DA:36,0
DA:37,0
DA:38,0
DA:42,1
LF:16
LH:2
BRDA:10,1,0,0
BRDA:10,1,1,0
BRDA:22,2,0,0
BRDA:22,2,1,0
BRDA:22,3,0,0
BRDA:22,3,1,0
BRDA:31,4,0,0
BRDA:31,4,1,0
BRDA:36,5,0,0
BRDA:36,5,1,0
BRF:10
BRH:0
end_of_record
TN:
SF:/Users/jsingleton20/Documents/Sites/laserdisc/src/components/FindClosest.js
FN:8,(anonymous_1)
FNF:1
FNH:0
FNDA:0,(anonymous_1)
DA:8,1
DA:10,0
DA:11,0
DA:12,0
DA:13,0
DA:14,0
DA:16,0
DA:17,0
DA:19,0
DA:20,0
DA:21,0
DA:25,0
DA:29,1
LF:13
LH:2
BRDA:19,1,0,0
BRDA:19,1,1,0
BRF:2
BRH:0
end_of_record
TN:
SF:/Users/jsingleton20/Documents/Sites/laserdisc/src/components/Listeners.js
FN:11,(anonymous_1)
FN:35,(anonymous_2)
FNF:2
FNH:0
FNDA:0,(anonymous_1)
FNDA:0,(anonymous_2)
DA:9,1
DA:13,0
DA:14,0
DA:15,0
DA:16,0
DA:17,0
DA:18,0
DA:19,0
DA:20,0
DA:21,0
DA:22,0
DA:23,0
DA:24,0
DA:26,0
DA:27,0
DA:28,0
DA:36,0
DA:39,0
DA:40,0
DA:41,0
DA:42,0
DA:43,0
DA:44,0
DA:45,0
DA:46,0
DA:47,0
DA:48,0
DA:49,0
DA:51,0
DA:52,0
DA:53,0
DA:56,0
DA:57,0
DA:64,1
LF:34
LH:2
BRDA:26,1,0,0
BRDA:26,1,1,0
BRDA:51,2,0,0
BRDA:51,2,1,0
BRDA:56,3,0,0
BRDA:56,3,1,0
BRF:6
BRH:0
end_of_record
